0 info it worked if it ends with ok
1 verbose cli [ 'C:\\Program Files\\nodejs\\node.exe',
1 verbose cli   'C:\\Users\\Serge\\AppData\\Roaming\\npm\\node_modules\\npm\\bin\\npm-cli.js',
1 verbose cli   'start' ]
2 info using npm@3.10.7
3 info using node@v7.10.0
4 verbose run-script [ 'prestart', 'start', 'poststart' ]
5 info lifecycle rxjs_boiler@1.0.0~prestart: rxjs_boiler@1.0.0
6 silly lifecycle rxjs_boiler@1.0.0~prestart: no script for prestart, continuing
7 info lifecycle rxjs_boiler@1.0.0~start: rxjs_boiler@1.0.0
8 verbose lifecycle rxjs_boiler@1.0.0~start: unsafe-perm in lifecycle true
9 verbose lifecycle rxjs_boiler@1.0.0~start: PATH: C:\Users\Serge\AppData\Roaming\npm\node_modules\npm\bin\node-gyp-bin;C:\Project\rxjs_boiler\node_modules\.bin;C:\Users\Serge\bin;C:\tools\cmder\bin;C:\Program Files\Git\bin;C:\tools\cmder\vendor\git-for-windows\mingw32\bin;C:\tools\cmder\vendor\git-for-windows\usr\local\bin;C:\tools\cmder\vendor\git-for-windows\usr\bin;C:\tools\cmder\vendor\git-for-windows\usr\bin;C:\tools\cmder\vendor\git-for-windows\cmd;C:\tools\cmder\vendor\conemu-maximus5\ConEmu\Scripts;C:\tools\cmder\vendor\conemu-maximus5;C:\tools\cmder\vendor\conemu-maximus5\ConEmu;C:\tools\Perl\site\bin;C:\tools\Perl\bin;C:\tools\maven\apache-maven-3.3.9\bin;C:\Program Files\Java\jdk1.8.0_121;E:\;C:\Users\Serge\AppData\Local\atom\bin;C:\tools\ruby23\bin;C:\Python27;C:\Python27\Scripts;C:\program files\graphicsmagick-1.3.20-q8;C:\ProgramData\Oracle\Java\javapath;C:\WINDOWS\system32;C:\WINDOWS;C:\ProgramData\chocolatey\bin;C:\Users\Serge\AppData\Roaming\npm;C:\Program Files\Calibre2;C:\tools\DevKit2;C:\Program Files (x86)\QuickTime\QTSystem;C:\Program Files (x86)\NVIDIA Corporation\PhysX\Common;C:\WINDOWS\System32\Wbem;C:\WINDOWS\System32\WindowsPowerShell\v1.0;C:\tools\python2;C:\Program Files\Microsoft SQL Server\120\Tools\Binn;C:\WINDOWS\system32;C:\WINDOWS;C:\WINDOWS\System32\Wbem;C:\WINDOWS\System32\WindowsPowerShell\v1.0;C:\Users\Serge\AppData\Local\atom\bin;C:\Program Files\Microsoft SQL Server\130\Tools\Binn;C:\Program Files (x86)\Microsoft SQL Server\Client SDK\ODBC\130\Tools\Binn;C:\Program Files (x86)\Microsoft SQL Server\130\Tools\Binn;C:\Program Files (x86)\Microsoft SQL Server\130\DTS\Binn;C:\Program Files (x86)\Microsoft SQL Server\130\Tools\Binn\ManagementStudio;C:\Program Files (x86)\Brackets\command;C:\Program Files\dotnet;C:\Program Files\Git\cmd;C:\Program Files\nodejs;C:\Program Files (x86)\Atlassian\SourceTree;C:\tools\PhantomJS;C:\tools\cmder;C:\Users\Serge\AppData\Local\Microsoft\WindowsApps;C:\Program Files (x86)\Microsoft VS Code\bin;C:\tools\cmder;C:\tools\cmder\vendor\git-for-windows\usr\bin\vendor_perl;C:\tools\cmder\vendor\git-for-windows\usr\bin\core_perl
10 verbose lifecycle rxjs_boiler@1.0.0~start: CWD: C:\Project\rxjs_boiler
11 silly lifecycle rxjs_boiler@1.0.0~start: Args: [ '/d /s /c', 'live-server --port=8000' ]
12 silly lifecycle rxjs_boiler@1.0.0~start: Returned: code: 3221225786  signal: null
13 info lifecycle rxjs_boiler@1.0.0~start: Failed to exec start script
14 verbose stack Error: rxjs_boiler@1.0.0 start: `live-server --port=8000`
14 verbose stack Exit status 3221225786
14 verbose stack     at EventEmitter.<anonymous> (C:\Users\Serge\AppData\Roaming\npm\node_modules\npm\lib\utils\lifecycle.js:255:16)
14 verbose stack     at emitTwo (events.js:106:13)
14 verbose stack     at EventEmitter.emit (events.js:194:7)
14 verbose stack     at ChildProcess.<anonymous> (C:\Users\Serge\AppData\Roaming\npm\node_modules\npm\lib\utils\spawn.js:40:14)
14 verbose stack     at emitTwo (events.js:106:13)
14 verbose stack     at ChildProcess.emit (events.js:194:7)
14 verbose stack     at maybeClose (internal/child_process.js:899:16)
14 verbose stack     at Process.ChildProcess._handle.onexit (internal/child_process.js:226:5)
15 verbose pkgid rxjs_boiler@1.0.0
16 verbose cwd C:\Project\rxjs_boiler
17 error Windows_NT 10.0.14393
18 error argv "C:\\Program Files\\nodejs\\node.exe" "C:\\Users\\Serge\\AppData\\Roaming\\npm\\node_modules\\npm\\bin\\npm-cli.js" "start"
19 error node v7.10.0
20 error npm  v3.10.7
21 error code ELIFECYCLE
22 error rxjs_boiler@1.0.0 start: `live-server --port=8000`
22 error Exit status 3221225786
23 error Failed at the rxjs_boiler@1.0.0 start script 'live-server --port=8000'.
23 error Make sure you have the latest version of node.js and npm installed.
23 error If you do, this is most likely a problem with the rxjs_boiler package,
23 error not with npm itself.
23 error Tell the author that this fails on your system:
23 error     live-server --port=8000
23 error You can get information on how to open an issue for this project with:
23 error     npm bugs rxjs_boiler
23 error Or if that isn't available, you can get their info via:
23 error     npm owner ls rxjs_boiler
23 error There is likely additional logging output above.
24 verbose exit [ 1, true ]
